{"C:\\Users\\Tim\\cart\\src\\storage\\basketactions.ts": {"path":"C:\\Users\\Tim\\cart\\src\\storage\\basketactions.ts","statementMap":{"0":{"start":{"line":4,"column":0},"end":{"line":4,"column":null}},"1":{"start":{"line":8,"column":9},"end":{"line":14,"column":null}},"2":{"start":{"line":9,"column":4},"end":{"line":11,"column":null}},"3":{"start":{"line":10,"column":6},"end":{"line":10,"column":62}},"4":{"start":{"line":12,"column":4},"end":{"line":12,"column":29}},"5":{"start":{"line":13,"column":4},"end":{"line":13,"column":18}},"6":{"start":{"line":19,"column":9},"end":{"line":22,"column":null}},"7":{"start":{"line":20,"column":4},"end":{"line":20,"column":87}},"8":{"start":{"line":20,"column":43},"end":{"line":20,"column":86}},"9":{"start":{"line":21,"column":4},"end":{"line":21,"column":18}},"10":{"start":{"line":27,"column":9},"end":{"line":30,"column":null}},"11":{"start":{"line":28,"column":4},"end":{"line":28,"column":105}},"12":{"start":{"line":28,"column":43},"end":{"line":28,"column":104}},"13":{"start":{"line":29,"column":4},"end":{"line":29,"column":18}},"14":{"start":{"line":35,"column":9},"end":{"line":38,"column":null}},"15":{"start":{"line":36,"column":4},"end":{"line":36,"column":76}},"16":{"start":{"line":36,"column":58},"end":{"line":36,"column":75}},"17":{"start":{"line":37,"column":4},"end":{"line":37,"column":18}},"18":{"start":{"line":43,"column":10},"end":{"line":45,"column":null}},"19":{"start":{"line":44,"column":4},"end":{"line":44,"column":72}},"20":{"start":{"line":44,"column":48},"end":{"line":44,"column":71}},"21":{"start":{"line":46,"column":0},"end":{"line":46,"column":null}}},"fnMap":{"0":{"name":"(anonymous_0)","decl":{"start":{"line":4,"column":0},"end":{"line":4,"column":null}},"loc":{"start":{"line":4,"column":0},"end":{"line":46,"column":null}}},"1":{"name":"(anonymous_2)","decl":{"start":{"line":8,"column":2},"end":{"line":8,"column":9}},"loc":{"start":{"line":8,"column":36},"end":{"line":14,"column":3}}},"2":{"name":"(anonymous_3)","decl":{"start":{"line":19,"column":2},"end":{"line":19,"column":9}},"loc":{"start":{"line":19,"column":58},"end":{"line":22,"column":3}}},"3":{"name":"(anonymous_4)","decl":{"start":{"line":20,"column":25},"end":{"line":20,"column":26}},"loc":{"start":{"line":20,"column":30},"end":{"line":20,"column":44}}},"4":{"name":"(anonymous_5)","decl":{"start":{"line":27,"column":2},"end":{"line":27,"column":9}},"loc":{"start":{"line":27,"column":58},"end":{"line":30,"column":3}}},"5":{"name":"(anonymous_6)","decl":{"start":{"line":28,"column":25},"end":{"line":28,"column":26}},"loc":{"start":{"line":28,"column":30},"end":{"line":28,"column":44}}},"6":{"name":"(anonymous_7)","decl":{"start":{"line":35,"column":2},"end":{"line":35,"column":9}},"loc":{"start":{"line":35,"column":42},"end":{"line":38,"column":3}}},"7":{"name":"(anonymous_8)","decl":{"start":{"line":36,"column":39},"end":{"line":36,"column":40}},"loc":{"start":{"line":36,"column":44},"end":{"line":36,"column":62}}},"8":{"name":"(anonymous_9)","decl":{"start":{"line":43,"column":2},"end":{"line":43,"column":10}},"loc":{"start":{"line":43,"column":44},"end":{"line":45,"column":3}}},"9":{"name":"(anonymous_10)","decl":{"start":{"line":44,"column":29},"end":{"line":44,"column":30}},"loc":{"start":{"line":44,"column":34},"end":{"line":44,"column":52}}}},"branchMap":{"0":{"loc":{"start":{"line":9,"column":4},"end":{"line":11,"column":null}},"type":"if","locations":[{"start":{"line":9,"column":4},"end":{"line":11,"column":null}},{"start":{"line":9,"column":4},"end":{"line":11,"column":null}}]},"1":{"loc":{"start":{"line":20,"column":64},"end":{"line":20,"column":79}},"type":"cond-expr","locations":[{"start":{"line":20,"column":64},"end":{"line":20,"column":79}},{"start":{"line":20,"column":83},"end":{"line":20,"column":84}}]},"2":{"loc":{"start":{"line":28,"column":82},"end":{"line":28,"column":97}},"type":"cond-expr","locations":[{"start":{"line":28,"column":82},"end":{"line":28,"column":97}},{"start":{"line":28,"column":101},"end":{"line":28,"column":102}}]},"3":{"loc":{"start":{"line":28,"column":44},"end":{"line":28,"column":60}},"type":"binary-expr","locations":[{"start":{"line":28,"column":44},"end":{"line":28,"column":60}},{"start":{"line":28,"column":64},"end":{"line":28,"column":78}}]}},"s":{"0":2,"1":2,"2":24,"3":2,"4":22,"5":22,"6":2,"7":6,"8":4,"9":6,"10":2,"11":4,"12":3,"13":4,"14":2,"15":3,"16":2,"17":3,"18":2,"19":24,"20":5,"21":2},"f":{"0":26,"1":24,"2":6,"3":4,"4":4,"5":3,"6":3,"7":2,"8":24,"9":5},"b":{"0":[2,22],"1":[4,0],"2":[2,1],"3":[3,3]}}
,"C:\\Users\\Tim\\cart\\src\\storage\\localstorage\\localstorage.ts": {"path":"C:\\Users\\Tim\\cart\\src\\storage\\localstorage\\localstorage.ts","statementMap":{"0":{"start":{"line":4,"column":0},"end":{"line":4,"column":55}},"1":{"start":{"line":6,"column":0},"end":{"line":6,"column":null}},"2":{"start":{"line":7,"column":10},"end":{"line":7,"column":52}},"3":{"start":{"line":11,"column":4},"end":{"line":11,"column":89}},"4":{"start":{"line":14,"column":9},"end":{"line":21,"column":null}},"5":{"start":{"line":15,"column":4},"end":{"line":20,"column":null}},"6":{"start":{"line":16,"column":6},"end":{"line":16,"column":106}},"7":{"start":{"line":17,"column":6},"end":{"line":17,"column":18}},"8":{"start":{"line":19,"column":6},"end":{"line":19,"column":68}},"9":{"start":{"line":23,"column":9},"end":{"line":30,"column":null}},"10":{"start":{"line":24,"column":4},"end":{"line":29,"column":null}},"11":{"start":{"line":25,"column":21},"end":{"line":25,"column":37}},"12":{"start":{"line":26,"column":6},"end":{"line":26,"column":26}},"13":{"start":{"line":28,"column":6},"end":{"line":28,"column":81}},"14":{"start":{"line":32,"column":9},"end":{"line":39,"column":null}},"15":{"start":{"line":33,"column":4},"end":{"line":38,"column":null}},"16":{"start":{"line":34,"column":6},"end":{"line":34,"column":115}},"17":{"start":{"line":35,"column":6},"end":{"line":35,"column":18}},"18":{"start":{"line":37,"column":6},"end":{"line":37,"column":76}},"19":{"start":{"line":41,"column":9},"end":{"line":48,"column":null}},"20":{"start":{"line":42,"column":4},"end":{"line":47,"column":null}},"21":{"start":{"line":43,"column":6},"end":{"line":43,"column":115}},"22":{"start":{"line":44,"column":6},"end":{"line":44,"column":18}},"23":{"start":{"line":46,"column":6},"end":{"line":46,"column":76}},"24":{"start":{"line":50,"column":9},"end":{"line":57,"column":null}},"25":{"start":{"line":51,"column":4},"end":{"line":56,"column":null}},"26":{"start":{"line":52,"column":6},"end":{"line":52,"column":107}},"27":{"start":{"line":53,"column":6},"end":{"line":53,"column":18}},"28":{"start":{"line":55,"column":6},"end":{"line":55,"column":76}},"29":{"start":{"line":59,"column":9},"end":{"line":66,"column":null}},"30":{"start":{"line":60,"column":4},"end":{"line":65,"column":null}},"31":{"start":{"line":61,"column":6},"end":{"line":61,"column":27}},"32":{"start":{"line":62,"column":6},"end":{"line":62,"column":18}},"33":{"start":{"line":64,"column":6},"end":{"line":64,"column":68}},"34":{"start":{"line":68,"column":10},"end":{"line":74,"column":null}},"35":{"start":{"line":69,"column":4},"end":{"line":73,"column":null}},"36":{"start":{"line":70,"column":6},"end":{"line":70,"column":92}},"37":{"start":{"line":72,"column":6},"end":{"line":72,"column":75}},"38":{"start":{"line":75,"column":0},"end":{"line":75,"column":null}}},"fnMap":{"0":{"name":"(anonymous_1)","decl":{"start":{"line":6,"column":0},"end":{"line":6,"column":null}},"loc":{"start":{"line":6,"column":0},"end":{"line":75,"column":null}}},"1":{"name":"LocalStorage","decl":{"start":{"line":10,"column":2},"end":{"line":10,"column":21}},"loc":{"start":{"line":10,"column":31},"end":{"line":12,"column":3}}},"2":{"name":"(anonymous_3)","decl":{"start":{"line":14,"column":2},"end":{"line":14,"column":9}},"loc":{"start":{"line":14,"column":21},"end":{"line":21,"column":3}}},"3":{"name":"(anonymous_4)","decl":{"start":{"line":23,"column":2},"end":{"line":23,"column":9}},"loc":{"start":{"line":23,"column":2},"end":{"line":30,"column":3}}},"4":{"name":"(anonymous_5)","decl":{"start":{"line":32,"column":2},"end":{"line":32,"column":9}},"loc":{"start":{"line":32,"column":43},"end":{"line":39,"column":3}}},"5":{"name":"(anonymous_6)","decl":{"start":{"line":41,"column":2},"end":{"line":41,"column":9}},"loc":{"start":{"line":41,"column":43},"end":{"line":48,"column":3}}},"6":{"name":"(anonymous_7)","decl":{"start":{"line":50,"column":2},"end":{"line":50,"column":9}},"loc":{"start":{"line":50,"column":27},"end":{"line":57,"column":3}}},"7":{"name":"(anonymous_8)","decl":{"start":{"line":59,"column":2},"end":{"line":59,"column":9}},"loc":{"start":{"line":59,"column":2},"end":{"line":66,"column":3}}},"8":{"name":"(anonymous_9)","decl":{"start":{"line":68,"column":2},"end":{"line":68,"column":10}},"loc":{"start":{"line":68,"column":2},"end":{"line":74,"column":3}}}},"branchMap":{"0":{"loc":{"start":{"line":11,"column":23},"end":{"line":11,"column":29}},"type":"binary-expr","locations":[{"start":{"line":11,"column":23},"end":{"line":11,"column":29}},{"start":{"line":11,"column":33},"end":{"line":11,"column":88}}]},"1":{"loc":{"start":{"line":70,"column":24},"end":{"line":70,"column":54}},"type":"binary-expr","locations":[{"start":{"line":70,"column":24},"end":{"line":70,"column":54}},{"start":{"line":70,"column":58},"end":{"line":70,"column":90}}]}},"s":{"0":1,"1":1,"2":15,"3":15,"4":1,"5":17,"6":17,"7":16,"8":1,"9":1,"10":1,"11":1,"12":1,"13":0,"14":1,"15":2,"16":2,"17":2,"18":0,"19":1,"20":2,"21":2,"22":2,"23":0,"24":1,"25":1,"26":1,"27":1,"28":0,"29":1,"30":1,"31":1,"32":1,"33":0,"34":1,"35":23,"36":23,"37":1,"38":1},"f":{"0":1,"1":15,"2":17,"3":1,"4":2,"5":2,"6":1,"7":1,"8":23},"b":{"0":[15,13],"1":[23,14]}}
}
