TN:
SF:C:\Users\Tim\cart\src\storage\basketactions.ts
FN:4,(anonymous_0)
FN:8,(anonymous_2)
FN:19,(anonymous_3)
FN:20,(anonymous_4)
FN:27,(anonymous_5)
FN:28,(anonymous_6)
FN:35,(anonymous_7)
FN:36,(anonymous_8)
FN:43,(anonymous_9)
FN:44,(anonymous_10)
FNF:10
FNH:10
FNDA:26,(anonymous_0)
FNDA:24,(anonymous_2)
FNDA:6,(anonymous_3)
FNDA:4,(anonymous_4)
FNDA:4,(anonymous_5)
FNDA:3,(anonymous_6)
FNDA:3,(anonymous_7)
FNDA:2,(anonymous_8)
FNDA:24,(anonymous_9)
FNDA:5,(anonymous_10)
DA:4,2
DA:8,2
DA:9,24
DA:10,2
DA:12,22
DA:13,22
DA:19,2
DA:20,6
DA:21,6
DA:27,2
DA:28,4
DA:29,4
DA:35,2
DA:36,3
DA:37,3
DA:43,2
DA:44,24
DA:46,2
LF:18
LH:18
BRDA:9,0,0,2
BRDA:9,0,1,22
BRDA:20,1,0,4
BRDA:20,1,1,0
BRDA:28,2,0,2
BRDA:28,2,1,1
BRDA:28,3,0,3
BRDA:28,3,1,3
BRF:8
BRH:7
end_of_record
TN:
SF:C:\Users\Tim\cart\src\storage\localstorage\localstorage.ts
FN:6,(anonymous_1)
FN:10,LocalStorage
FN:14,(anonymous_3)
FN:23,(anonymous_4)
FN:32,(anonymous_5)
FN:41,(anonymous_6)
FN:50,(anonymous_7)
FN:59,(anonymous_8)
FN:68,(anonymous_9)
FNF:9
FNH:9
FNDA:1,(anonymous_1)
FNDA:15,LocalStorage
FNDA:17,(anonymous_3)
FNDA:1,(anonymous_4)
FNDA:2,(anonymous_5)
FNDA:2,(anonymous_6)
FNDA:1,(anonymous_7)
FNDA:1,(anonymous_8)
FNDA:23,(anonymous_9)
DA:4,1
DA:6,1
DA:7,15
DA:11,15
DA:14,1
DA:15,17
DA:16,17
DA:17,16
DA:19,1
DA:23,1
DA:24,1
DA:25,1
DA:26,1
DA:28,0
DA:32,1
DA:33,2
DA:34,2
DA:35,2
DA:37,0
DA:41,1
DA:42,2
DA:43,2
DA:44,2
DA:46,0
DA:50,1
DA:51,1
DA:52,1
DA:53,1
DA:55,0
DA:59,1
DA:60,1
DA:61,1
DA:62,1
DA:64,0
DA:68,1
DA:69,23
DA:70,23
DA:72,1
DA:75,1
LF:39
LH:34
BRDA:11,0,0,15
BRDA:11,0,1,13
BRDA:70,1,0,23
BRDA:70,1,1,14
BRF:4
BRH:4
end_of_record
